[    30.529] (--) Log file renamed from "/home/igor/.local/share/xorg/Xorg.pid-1382.log" to "/home/igor/.local/share/xorg/Xorg.0.log"
[    30.530] 
X.Org X Server 1.20.9
X Protocol Version 11, Revision 0
[    30.530] Build Operating System: Linux 4.15.0-140-generic x86_64 Ubuntu
[    30.530] Current Operating System: Linux igor-virtual-machine 5.8.0-59-generic #66~20.04.1-Ubuntu SMP Thu Jun 17 11:14:10 UTC 2021 x86_64
[    30.530] Kernel command line: BOOT_IMAGE=/boot/vmlinuz-5.8.0-59-generic root=UUID=24a91ca4-3814-4d53-b35e-43fd62f66a11 ro quiet splash
[    30.530] Build Date: 08 April 2021  12:29:22PM
[    30.530] xorg-server 2:1.20.9-2ubuntu1.2~20.04.2 (For technical support please see http://www.ubuntu.com/support) 
[    30.530] Current version of pixman: 0.38.4
[    30.530] 	Before reporting problems, check http://wiki.x.org
	to make sure that you have the latest version.
[    30.530] Markers: (--) probed, (**) from config file, (==) default setting,
	(++) from command line, (!!) notice, (II) informational,
	(WW) warning, (EE) error, (NI) not implemented, (??) unknown.
[    30.531] (==) Log file: "/home/igor/.local/share/xorg/Xorg.0.log", Time: Mon Jul 12 14:14:17 2021
[    30.532] (==) Using system config directory "/usr/share/X11/xorg.conf.d"
[    30.540] (==) No Layout section.  Using the first Screen section.
[    30.540] (==) No screen section available. Using defaults.
[    30.540] (**) |-->Screen "Default Screen Section" (0)
[    30.540] (**) |   |-->Monitor "<default monitor>"
[    30.557] (==) No monitor specified for screen "Default Screen Section".
	Using a default monitor configuration.
[    30.557] (==) Automatically adding devices
[    30.557] (==) Automatically enabling devices
[    30.557] (==) Automatically adding GPU devices
[    30.557] (==) Automatically binding GPU devices
[    30.557] (==) Max clients allowed: 256, resource mask: 0x1fffff
[    30.557] (WW) The directory "/usr/share/fonts/X11/cyrillic" does not exist.
[    30.557] 	Entry deleted from font path.
[    30.557] (WW) The directory "/usr/share/fonts/X11/100dpi/" does not exist.
[    30.557] 	Entry deleted from font path.
[    30.557] (WW) The directory "/usr/share/fonts/X11/75dpi/" does not exist.
[    30.557] 	Entry deleted from font path.
[    30.557] (WW) The directory "/usr/share/fonts/X11/100dpi" does not exist.
[    30.557] 	Entry deleted from font path.
[    30.557] (WW) The directory "/usr/share/fonts/X11/75dpi" does not exist.
[    30.557] 	Entry deleted from font path.
[    30.557] (==) FontPath set to:
	/usr/share/fonts/X11/misc,
	/usr/share/fonts/X11/Type1,
	built-ins
[    30.557] (==) ModulePath set to "/usr/lib/xorg/modules"
[    30.557] (II) The server relies on udev to provide the list of input devices.
	If no devices become available, reconfigure udev or disable AutoAddDevices.
[    30.557] (II) Loader magic: 0x56197fb47020
[    30.557] (II) Module ABI versions:
[    30.557] 	X.Org ANSI C Emulation: 0.4
[    30.557] 	X.Org Video Driver: 24.1
[    30.557] 	X.Org XInput driver : 24.1
[    30.557] 	X.Org Server Extension : 10.0
[    30.568] (++) using VT number 2

[    30.574] (II) systemd-logind: took control of session /org/freedesktop/login1/session/_32
[    30.575] (II) xfree86: Adding drm device (/dev/dri/card0)
[    30.580] (II) systemd-logind: got fd for /dev/dri/card0 226:0 fd 12 paused 0
[    30.584] (--) PCI:*(0@0:15:0) 15ad:0405:15ad:0405 rev 0, Mem @ 0xe8000000/134217728, 0xfe000000/8388608, I/O @ 0x00001070/16, BIOS @ 0x????????/131072
[    30.590] (II) LoadModule: "glx"
[    30.592] (II) Loading /usr/lib/xorg/modules/extensions/libglx.so
[    30.615] (II) Module glx: vendor="X.Org Foundation"
[    30.615] 	compiled for 1.20.9, module version = 1.0.0
[    30.615] 	ABI class: X.Org Server Extension, version 10.0
[    30.615] (==) Matched vmware as autoconfigured driver 0
[    30.615] (==) Matched modesetting as autoconfigured driver 1
[    30.615] (==) Matched fbdev as autoconfigured driver 2
[    30.615] (==) Matched vesa as autoconfigured driver 3
[    30.615] (==) Assigned the driver to the xf86ConfigLayout
[    30.615] (II) LoadModule: "vmware"
[    30.615] (II) Loading /usr/lib/xorg/modules/drivers/vmware_drv.so
[    30.749] (II) Module vmware: vendor="X.Org Foundation"
[    30.749] 	compiled for 1.20.8, module version = 13.3.0
[    30.749] 	Module class: X.Org Video Driver
[    30.750] 	ABI class: X.Org Video Driver, version 24.1
[    30.750] (II) LoadModule: "modesetting"
[    30.750] (II) Loading /usr/lib/xorg/modules/drivers/modesetting_drv.so
[    30.764] (II) Module modesetting: vendor="X.Org Foundation"
[    30.764] 	compiled for 1.20.9, module version = 1.20.9
[    30.764] 	Module class: X.Org Video Driver
[    30.765] 	ABI class: X.Org Video Driver, version 24.1
[    30.765] (II) LoadModule: "fbdev"
[    30.765] (II) Loading /usr/lib/xorg/modules/drivers/fbdev_drv.so
[    30.779] (II) Module fbdev: vendor="X.Org Foundation"
[    30.780] 	compiled for 1.20.1, module version = 0.5.0
[    30.780] 	Module class: X.Org Video Driver
[    30.780] 	ABI class: X.Org Video Driver, version 24.0
[    30.780] (II) LoadModule: "vesa"
[    30.780] (II) Loading /usr/lib/xorg/modules/drivers/vesa_drv.so
[    30.784] (II) Module vesa: vendor="X.Org Foundation"
[    30.784] 	compiled for 1.20.4, module version = 2.4.0
[    30.784] 	Module class: X.Org Video Driver
[    30.784] 	ABI class: X.Org Video Driver, version 24.0
[    30.784] (II) vmware: driver for VMware SVGA: vmware0405, vmware0710
[    30.784] (II) modesetting: Driver for Modesetting Kernel Drivers: kms
[    30.785] (II) FBDEV: driver for framebuffer: fbdev
[    30.785] (II) VESA: driver for VESA chipsets: vesa
[    30.785] xf86EnableIOPorts: failed to set IOPL for I/O (Operation not permitted)
[    30.785] (WW) Falling back to old probe method for modesetting
[    30.785] (WW) Falling back to old probe method for fbdev
[    30.785] (II) Loading sub module "fbdevhw"
[    30.785] (II) LoadModule: "fbdevhw"
[    30.786] (II) Loading /usr/lib/xorg/modules/libfbdevhw.so
[    30.813] (II) Module fbdevhw: vendor="X.Org Foundation"
[    30.813] 	compiled for 1.20.9, module version = 0.0.2
[    30.813] 	ABI class: X.Org Video Driver, version 24.1
[    30.813] (EE) open /dev/fb0: Permission denied
[    30.813] (WW) VGA arbiter: cannot open kernel arbiter, no multi-card support
[    30.813] (II) vmware(0): Creating default Display subsection in Screen section
	"Default Screen Section" for depth/fbbpp 24/32
[    30.813] (--) vmware(0): DRM driver version is 2.18.0
[    30.813] (==) vmware(0): Depth 24, (--) framebuffer bpp 32
[    30.813] (==) vmware(0): RGB weight 888
[    30.813] (==) vmware(0): Default visual is TrueColor
[    30.813] (--) vmware(0): Min width 1, Max Width 8192.
[    30.813] (--) vmware(0): Min height 1, Max Height 8192.
[    30.813] (II) vmware(0): Output Virtual1 has no monitor section
[    30.813] (II) vmware(0): Output Virtual2 has no monitor section
[    30.813] (II) vmware(0): Output Virtual3 has no monitor section
[    30.813] (II) vmware(0): Output Virtual4 has no monitor section
[    30.813] (II) vmware(0): Output Virtual5 has no monitor section
[    30.813] (II) vmware(0): Output Virtual6 has no monitor section
[    30.813] (II) vmware(0): Output Virtual7 has no monitor section
[    30.813] (II) vmware(0): Output Virtual8 has no monitor section
[    30.813] (II) vmware(0): Printing probed modes for output Virtual1
[    30.813] (II) vmware(0): Modeline "800x600"x60.0   42.75  800 850 900 950  600 650 700 750 -hsync +vsync (45.0 kHz eP)
[    30.813] (II) vmware(0): Modeline "2560x1600"x60.0  348.50  2560 2752 3032 3504  1600 1603 1609 1658 -hsync +vsync (99.5 kHz e)
[    30.813] (II) vmware(0): Modeline "1920x1440"x60.0  234.00  1920 2048 2256 2600  1440 1441 1444 1500 -hsync +vsync (90.0 kHz e)
[    30.813] (II) vmware(0): Modeline "1856x1392"x60.0  218.25  1856 1952 2176 2528  1392 1393 1396 1439 -hsync +vsync (86.3 kHz e)
[    30.813] (II) vmware(0): Modeline "1792x1344"x60.0  204.75  1792 1920 2120 2448  1344 1345 1348 1394 -hsync +vsync (83.6 kHz e)
[    30.813] (II) vmware(0): Modeline "1920x1200"x59.9  193.25  1920 2056 2256 2592  1200 1203 1209 1245 -hsync +vsync (74.6 kHz e)
[    30.813] (II) vmware(0): Modeline "1600x1200"x60.0  162.00  1600 1664 1856 2160  1200 1201 1204 1250 +hsync +vsync (75.0 kHz e)
[    30.813] (II) vmware(0): Modeline "1680x1050"x60.0  146.25  1680 1784 1960 2240  1050 1053 1059 1089 -hsync +vsync (65.3 kHz e)
[    30.814] (II) vmware(0): Modeline "1400x1050"x60.0  121.75  1400 1488 1632 1864  1050 1053 1057 1089 -hsync +vsync (65.3 kHz e)
[    30.814] (II) vmware(0): Modeline "1280x1024"x60.0  108.00  1280 1328 1440 1688  1024 1025 1028 1066 +hsync +vsync (64.0 kHz e)
[    30.814] (II) vmware(0): Modeline "1440x900"x59.9  106.50  1440 1520 1672 1904  900 903 909 934 -hsync +vsync (55.9 kHz e)
[    30.814] (II) vmware(0): Modeline "1280x960"x60.0  108.00  1280 1376 1488 1800  960 961 964 1000 +hsync +vsync (60.0 kHz e)
[    30.814] (II) vmware(0): Modeline "1360x768"x60.0   85.50  1360 1424 1536 1792  768 771 777 795 +hsync +vsync (47.7 kHz e)
[    30.814] (II) vmware(0): Modeline "1280x800"x59.8   83.50  1280 1352 1480 1680  800 803 809 831 +hsync -vsync (49.7 kHz e)
[    30.814] (II) vmware(0): Modeline "1152x864"x75.0  108.00  1152 1216 1344 1600  864 865 868 900 +hsync +vsync (67.5 kHz e)
[    30.814] (II) vmware(0): Modeline "1280x768"x59.9   79.50  1280 1344 1472 1664  768 771 778 798 -hsync +vsync (47.8 kHz e)
[    30.814] (II) vmware(0): Modeline "1024x768"x60.0   65.00  1024 1048 1184 1344  768 771 777 806 -hsync -vsync (48.4 kHz e)
[    30.814] (II) vmware(0): Modeline "800x600"x60.3   40.00  800 840 968 1056  600 601 605 628 +hsync +vsync (37.9 kHz e)
[    30.814] (II) vmware(0): Modeline "640x480"x59.9   25.18  640 656 752 800  480 489 492 525 -hsync -vsync (31.5 kHz e)
[    30.814] (II) vmware(0): EDID for output Virtual2
[    30.814] (II) vmware(0): EDID for output Virtual3
[    30.814] (II) vmware(0): EDID for output Virtual4
[    30.814] (II) vmware(0): EDID for output Virtual5
[    30.814] (II) vmware(0): EDID for output Virtual6
[    30.814] (II) vmware(0): EDID for output Virtual7
[    30.814] (II) vmware(0): EDID for output Virtual8
[    30.814] (II) vmware(0): Output Virtual1 connected
[    30.814] (II) vmware(0): Output Virtual2 disconnected
[    30.814] (II) vmware(0): Output Virtual3 disconnected
[    30.814] (II) vmware(0): Output Virtual4 disconnected
[    30.814] (II) vmware(0): Output Virtual5 disconnected
[    30.814] (II) vmware(0): Output Virtual6 disconnected
[    30.814] (II) vmware(0): Output Virtual7 disconnected
[    30.814] (II) vmware(0): Output Virtual8 disconnected
[    30.814] (II) vmware(0): Using exact sizes for initial modes
[    30.814] (II) vmware(0): Output Virtual1 using initial mode 800x600 +0+0
[    30.814] (==) vmware(0): DPI set to (96, 96)
[    30.814] (==) vmware(0): Using gamma correction (1.0, 1.0, 1.0)
[    30.814] (II) Loading sub module "fb"
[    30.814] (II) LoadModule: "fb"
[    30.814] (II) Loading /usr/lib/xorg/modules/libfb.so
[    30.850] (II) Module fb: vendor="X.Org Foundation"
[    30.850] 	compiled for 1.20.9, module version = 1.0.0
[    30.850] 	ABI class: X.Org ANSI C Emulation, version 0.4
[    30.850] (II) Loading sub module "dri2"
[    30.850] (II) LoadModule: "dri2"
[    30.850] (II) Module "dri2" already built-in
[    30.850] (II) Loading sub module "dri3"
[    30.850] (II) LoadModule: "dri3"
[    30.850] (II) Module "dri3" already built-in
[    30.850] (II) UnloadModule: "modesetting"
[    30.850] (II) Unloading modesetting
[    30.850] (II) UnloadModule: "fbdev"
[    30.850] (II) Unloading fbdev
[    30.850] (II) UnloadSubModule: "fbdevhw"
[    30.850] (II) Unloading fbdevhw
[    30.850] (II) UnloadModule: "vesa"
[    30.850] (II) Unloading vesa
[    30.858] (II) vmware(0): Initialized VMWARE_CTRL extension version 0.2
[    30.910] (WW) vmware(0): Failed to initialize Gallium3D Xa. No render acceleration available.
[    30.910] (WW) vmware(0): Skipped initialization of direct rendering due to lack of render acceleration.
[    30.910] (--) vmware(0): Render acceleration is disabled.
[    30.910] (==) vmware(0): Rendercheck mode is disabled.
[    30.910] (--) vmware(0): Direct rendering (DRI2 3D) is disabled.
[    30.910] (--) vmware(0): Direct rendering (DRI3 3D) is disabled.
[    30.910] (==) vmware(0): Backing store enabled
[    30.910] (==) vmware(0): Silken mouse enabled
[    30.912] (==) vmware(0): DPMS enabled
[    30.912] (II) vmware(0): No 3D acceleration. Not setting up textured video.
[    30.912] (II) Initializing extension Generic Event Extension
[    30.913] (II) Initializing extension SHAPE
[    30.913] (II) Initializing extension MIT-SHM
[    30.913] (II) Initializing extension XInputExtension
[    30.914] (II) Initializing extension XTEST
[    30.914] (II) Initializing extension BIG-REQUESTS
[    30.914] (II) Initializing extension SYNC
[    30.914] (II) Initializing extension XKEYBOARD
[    30.915] (II) Initializing extension XC-MISC
[    30.915] (II) Initializing extension SECURITY
[    30.915] (II) Initializing extension XFIXES
[    30.915] (II) Initializing extension RENDER
[    30.915] (II) Initializing extension RANDR
[    30.915] (II) Initializing extension COMPOSITE
[    30.916] (II) Initializing extension DAMAGE
[    30.916] (II) Initializing extension MIT-SCREEN-SAVER
[    30.916] (II) Initializing extension DOUBLE-BUFFER
[    30.916] (II) Initializing extension RECORD
[    30.916] (II) Initializing extension DPMS
[    30.916] (II) Initializing extension Present
[    30.916] (II) Initializing extension DRI3
[    30.916] (II) Initializing extension X-Resource
[    30.917] (II) Initializing extension XVideo
[    30.917] (II) Initializing extension XVideo-MotionCompensation
[    30.917] (II) Initializing extension SELinux
[    30.917] (II) SELinux: Disabled on system
[    30.917] (II) Initializing extension GLX
[    30.919] (II) AIGLX: Screen 0 is not DRI2 capable
[    30.930] (II) IGLX: Loaded and initialized swrast
[    30.931] (II) GLX: Initialized DRISWRAST GL provider for screen 0
[    30.931] (II) Initializing extension XFree86-VidModeExtension
[    30.936] (II) Initializing extension XFree86-DGA
[    30.936] (II) Initializing extension XFree86-DRI
[    30.936] (II) Initializing extension DRI2
[    30.938] (II) vmware(0): Setting screen physical size to 211 x 158
[    30.987] (II) config/udev: Adding input device Power Button (/dev/input/event0)
[    30.987] (**) Power Button: Applying InputClass "libinput keyboard catchall"
[    30.988] (II) LoadModule: "libinput"
[    31.016] (II) Loading /usr/lib/xorg/modules/input/libinput_drv.so
[    31.018] (II) Module libinput: vendor="X.Org Foundation"
[    31.018] 	compiled for 1.20.4, module version = 0.29.0
[    31.018] 	Module class: X.Org XInput Driver
[    31.018] 	ABI class: X.Org XInput driver, version 24.1
[    31.018] (II) Using input driver 'libinput' for 'Power Button'
[    31.019] (II) systemd-logind: got fd for /dev/input/event0 13:64 fd 20 paused 0
[    31.019] (**) Power Button: always reports core events
[    31.019] (**) Option "Device" "/dev/input/event0"
[    31.019] (**) Option "_source" "server/udev"
[    31.021] (II) event0  - Power Button: is tagged by udev as: Keyboard
[    31.022] (II) event0  - Power Button: device is a keyboard
[    31.022] (II) event0  - Power Button: device removed
[    31.022] (**) Option "config_info" "udev:/sys/devices/LNXSYSTM:00/LNXPWRBN:00/input/input0/event0"
[    31.022] (II) XINPUT: Adding extended input device "Power Button" (type: KEYBOARD, id 6)
[    31.022] (**) Option "xkb_model" "pc105"
[    31.022] (**) Option "xkb_layout" "us"
[    31.024] (II) event0  - Power Button: is tagged by udev as: Keyboard
[    31.025] (II) event0  - Power Button: device is a keyboard
[    31.026] (II) config/udev: Adding input device VMware VMware Virtual USB Mouse (/dev/input/event4)
[    31.026] (**) VMware VMware Virtual USB Mouse: Applying InputClass "libinput pointer catchall"
[    31.027] (II) Using input driver 'libinput' for 'VMware VMware Virtual USB Mouse'
[    31.088] (II) systemd-logind: got fd for /dev/input/event4 13:68 fd 23 paused 0
[    31.088] (**) VMware VMware Virtual USB Mouse: always reports core events
[    31.088] (**) Option "Device" "/dev/input/event4"
[    31.088] (**) Option "_source" "server/udev"
[    31.089] (II) event4  - VMware VMware Virtual USB Mouse: is tagged by udev as: Mouse
[    31.089] (II) event4  - VMware VMware Virtual USB Mouse: device is a pointer
[    31.089] (II) event4  - VMware VMware Virtual USB Mouse: device removed
[    31.089] (**) Option "config_info" "udev:/sys/devices/pci0000:00/0000:00:11.0/0000:02:00.0/usb2/2-1/2-1:1.0/0003:0E0F:0003.0001/input/input5/event4"
[    31.089] (II) XINPUT: Adding extended input device "VMware VMware Virtual USB Mouse" (type: MOUSE, id 7)
[    31.089] (**) Option "AccelerationScheme" "none"
[    31.089] (**) VMware VMware Virtual USB Mouse: (accel) selected scheme none/0
[    31.089] (**) VMware VMware Virtual USB Mouse: (accel) acceleration factor: 2.000
[    31.089] (**) VMware VMware Virtual USB Mouse: (accel) acceleration threshold: 4
[    31.090] (II) event4  - VMware VMware Virtual USB Mouse: is tagged by udev as: Mouse
[    31.091] (II) event4  - VMware VMware Virtual USB Mouse: device is a pointer
[    31.091] (II) config/udev: Adding input device VMware VMware Virtual USB Mouse (/dev/input/mouse2)
[    31.091] (II) No input driver specified, ignoring this device.
[    31.091] (II) This device may have been added with another device file.
[    31.093] (II) config/udev: Adding input device AT Translated Set 2 keyboard (/dev/input/event1)
[    31.093] (**) AT Translated Set 2 keyboard: Applying InputClass "libinput keyboard catchall"
[    31.093] (II) Using input driver 'libinput' for 'AT Translated Set 2 keyboard'
[    31.094] (II) systemd-logind: got fd for /dev/input/event1 13:65 fd 24 paused 0
[    31.094] (**) AT Translated Set 2 keyboard: always reports core events
[    31.094] (**) Option "Device" "/dev/input/event1"
[    31.094] (**) Option "_source" "server/udev"
[    31.095] (II) event1  - AT Translated Set 2 keyboard: is tagged by udev as: Keyboard
[    31.095] (II) event1  - AT Translated Set 2 keyboard: device is a keyboard
[    31.095] (II) event1  - AT Translated Set 2 keyboard: device removed
[    31.095] (**) Option "config_info" "udev:/sys/devices/platform/i8042/serio0/input/input1/event1"
[    31.095] (II) XINPUT: Adding extended input device "AT Translated Set 2 keyboard" (type: KEYBOARD, id 8)
[    31.095] (**) Option "xkb_model" "pc105"
[    31.095] (**) Option "xkb_layout" "us"
[    31.096] (II) event1  - AT Translated Set 2 keyboard: is tagged by udev as: Keyboard
[    31.097] (II) event1  - AT Translated Set 2 keyboard: device is a keyboard
[    31.097] (II) config/udev: Adding input device VirtualPS/2 VMware VMMouse (/dev/input/event3)
[    31.097] (**) VirtualPS/2 VMware VMMouse: Applying InputClass "libinput pointer catchall"
[    31.097] (II) Using input driver 'libinput' for 'VirtualPS/2 VMware VMMouse'
[    31.098] (II) systemd-logind: got fd for /dev/input/event3 13:67 fd 25 paused 0
[    31.098] (**) VirtualPS/2 VMware VMMouse: always reports core events
[    31.098] (**) Option "Device" "/dev/input/event3"
[    31.098] (**) Option "_source" "server/udev"
[    31.100] (II) event3  - VirtualPS/2 VMware VMMouse: is tagged by udev as: Mouse
[    31.100] (II) event3  - VirtualPS/2 VMware VMMouse: device is a pointer
[    31.100] (II) event3  - VirtualPS/2 VMware VMMouse: device removed
[    31.100] (**) Option "config_info" "udev:/sys/devices/platform/i8042/serio1/input/input3/event3"
[    31.100] (II) XINPUT: Adding extended input device "VirtualPS/2 VMware VMMouse" (type: MOUSE, id 9)
[    31.100] (**) Option "AccelerationScheme" "none"
[    31.101] (**) VirtualPS/2 VMware VMMouse: (accel) selected scheme none/0
[    31.101] (**) VirtualPS/2 VMware VMMouse: (accel) acceleration factor: 2.000
[    31.101] (**) VirtualPS/2 VMware VMMouse: (accel) acceleration threshold: 4
[    31.102] (II) event3  - VirtualPS/2 VMware VMMouse: is tagged by udev as: Mouse
[    31.102] (II) event3  - VirtualPS/2 VMware VMMouse: device is a pointer
[    31.104] (II) config/udev: Adding input device VirtualPS/2 VMware VMMouse (/dev/input/mouse1)
[    31.104] (II) No input driver specified, ignoring this device.
[    31.104] (II) This device may have been added with another device file.
[    31.105] (II) config/udev: Adding input device VirtualPS/2 VMware VMMouse (/dev/input/event2)
[    31.105] (**) VirtualPS/2 VMware VMMouse: Applying InputClass "libinput pointer catchall"
[    31.105] (II) Using input driver 'libinput' for 'VirtualPS/2 VMware VMMouse'
[    31.106] (II) systemd-logind: got fd for /dev/input/event2 13:66 fd 26 paused 0
[    31.106] (**) VirtualPS/2 VMware VMMouse: always reports core events
[    31.106] (**) Option "Device" "/dev/input/event2"
[    31.106] (**) Option "_source" "server/udev"
[    31.107] (II) event2  - VirtualPS/2 VMware VMMouse: is tagged by udev as: Mouse
[    31.108] (II) event2  - VirtualPS/2 VMware VMMouse: device is a pointer
[    31.108] (II) event2  - VirtualPS/2 VMware VMMouse: device removed
[    31.108] (**) Option "config_info" "udev:/sys/devices/platform/i8042/serio1/input/input4/event2"
[    31.108] (II) XINPUT: Adding extended input device "VirtualPS/2 VMware VMMouse" (type: MOUSE, id 10)
[    31.109] (**) Option "AccelerationScheme" "none"
[    31.109] (**) VirtualPS/2 VMware VMMouse: (accel) selected scheme none/0
[    31.109] (**) VirtualPS/2 VMware VMMouse: (accel) acceleration factor: 2.000
[    31.109] (**) VirtualPS/2 VMware VMMouse: (accel) acceleration threshold: 4
[    31.110] (II) event2  - VirtualPS/2 VMware VMMouse: is tagged by udev as: Mouse
[    31.111] (II) event2  - VirtualPS/2 VMware VMMouse: device is a pointer
[    31.111] (II) config/udev: Adding input device VirtualPS/2 VMware VMMouse (/dev/input/mouse0)
[    31.112] (II) No input driver specified, ignoring this device.
[    31.112] (II) This device may have been added with another device file.
